c:\users\hamil\desktop\park-project\x64\debug\vc142.pdb
c:\users\hamil\desktop\park-project\x64\debug\vc142.idb
c:\users\hamil\desktop\park-project\x64\debug\texturemanager.obj
c:\users\hamil\desktop\park-project\x64\debug\assetmanager.obj
c:\users\hamil\desktop\park-project\x64\debug\animation.obj
c:\users\hamil\desktop\park-project\x64\debug\main.obj
c:\users\hamil\desktop\park-project\x64\debug\game.obj
c:\users\hamil\desktop\park-project\x64\debug\entitymanager.obj
c:\users\hamil\desktop\park-project\x64\debug\entity.obj
c:\users\hamil\desktop\park-project\x64\debug\transformcomponent.obj
c:\users\hamil\desktop\park-project\x64\debug\gamesdl.pdb
c:\users\hamil\desktop\park-project\x64\debug\gamesdl.tlog\cl.command.1.tlog
c:\users\hamil\desktop\park-project\x64\debug\gamesdl.tlog\cl.read.1.tlog
c:\users\hamil\desktop\park-project\x64\debug\gamesdl.tlog\cl.write.1.tlog
c:\users\hamil\desktop\park-project\x64\debug\gamesdl.tlog\link-cvtres.read.1.tlog
c:\users\hamil\desktop\park-project\x64\debug\gamesdl.tlog\link-cvtres.write.1.tlog
c:\users\hamil\desktop\park-project\x64\debug\gamesdl.tlog\link-rc.read.1.tlog
c:\users\hamil\desktop\park-project\x64\debug\gamesdl.tlog\link-rc.write.1.tlog
c:\users\hamil\desktop\park-project\x64\debug\gamesdl.tlog\link.command.1.tlog
c:\users\hamil\desktop\park-project\x64\debug\gamesdl.tlog\link.read.1.tlog
c:\users\hamil\desktop\park-project\x64\debug\gamesdl.tlog\link.write.1.tlog
